Release 14.7 - xst P.20160913 (lin64)
Copyright (c) 1995-2013 Xilinx, Inc.  All rights reserved.
--> 
Parameter TMPDIR set to xst/projnav.tmp


Total REAL time to Xst completion: 0.00 secs
Total CPU time to Xst completion: 0.12 secs
 
--> 
Parameter xsthdpdir set to xst


Total REAL time to Xst completion: 0.00 secs
Total CPU time to Xst completion: 0.13 secs
 
--> 
Reading design: PmodENC.prj

TABLE OF CONTENTS
  1) Synthesis Options Summary
  2) HDL Parsing
  3) HDL Elaboration
  4) HDL Synthesis
       4.1) HDL Synthesis Report
  5) Advanced HDL Synthesis
       5.1) Advanced HDL Synthesis Report
  6) Low Level Synthesis
  7) Partition Report
  8) Design Summary
       8.1) Primitive and Black Box Usage
       8.2) Device utilization summary
       8.3) Partition Resource Summary
       8.4) Timing Report
            8.4.1) Clock Information
            8.4.2) Asynchronous Control Signals Information
            8.4.3) Timing Summary
            8.4.4) Timing Details
            8.4.5) Cross Clock Domains Report


=========================================================================
*                      Synthesis Options Summary                        *
=========================================================================
---- Source Parameters
Input File Name                    : "PmodENC.prj"
Ignore Synthesis Constraint File   : NO

---- Target Parameters
Output File Name                   : "PmodENC"
Output Format                      : NGC
Target Device                      : xc6slx16-3-csg324

---- Source Options
Top Module Name                    : PmodENC
Automatic FSM Extraction           : YES
FSM Encoding Algorithm             : Auto
Safe Implementation                : No
FSM Style                          : LUT
RAM Extraction                     : Yes
RAM Style                          : Auto
ROM Extraction                     : Yes
Shift Register Extraction          : YES
ROM Style                          : Auto
Resource Sharing                   : YES
Asynchronous To Synchronous        : NO
Shift Register Minimum Size        : 2
Use DSP Block                      : Auto
Automatic Register Balancing       : No

---- Target Options
LUT Combining                      : Auto
Reduce Control Sets                : Auto
Add IO Buffers                     : YES
Global Maximum Fanout              : 100000
Add Generic Clock Buffer(BUFG)     : 16
Register Duplication               : YES
Optimize Instantiated Primitives   : NO
Use Clock Enable                   : Auto
Use Synchronous Set                : Auto
Use Synchronous Reset              : Auto
Pack IO Registers into IOBs        : Auto
Equivalent register Removal        : YES

---- General Options
Optimization Goal                  : Speed
Optimization Effort                : 1
Power Reduction                    : NO
Keep Hierarchy                     : No
Netlist Hierarchy                  : As_Optimized
RTL Output                         : Yes
Global Optimization                : AllClockNets
Read Cores                         : YES
Write Timing Constraints           : NO
Cross Clock Analysis               : NO
Hierarchy Separator                : /
Bus Delimiter                      : <>
Case Specifier                     : Maintain
Slice Utilization Ratio            : 100
BRAM Utilization Ratio             : 100
DSP48 Utilization Ratio            : 100
Auto BRAM Packing                  : NO
Slice Utilization Ratio Delta      : 5

=========================================================================


=========================================================================
*                          HDL Parsing                                  *
=========================================================================
Parsing VHDL file "/home/ise/FPGA/Nexys3/PmodENC_Source/DisplayController.vhd" into library work
Parsing entity <DisplayController>.
Parsing architecture <Behavioral> of entity <displaycontroller>.
Parsing VHDL file "/home/ise/FPGA/Nexys3/PmodENC_Source/PmodENC.vhd" into library work
Parsing entity <PmodENC>.
Parsing architecture <Behavioral> of entity <pmodenc>.

=========================================================================
*                            HDL Elaboration                            *
=========================================================================

Elaborating entity <PmodENC> (architecture <Behavioral>) from library <work>.

Elaborating entity <DisplayController> (architecture <Behavioral>) from library <work>.

=========================================================================
*                           HDL Synthesis                               *
=========================================================================

Synthesizing Unit <PmodENC>.
    Related source file is "/home/ise/FPGA/Nexys3/PmodENC_Source/PmodENC.vhd".
    Summary:
	no macro.
Unit <PmodENC> synthesized.

Synthesizing Unit <DisplayController>.
    Related source file is "/home/ise/FPGA/Nexys3/PmodENC_Source/DisplayController.vhd".
    Found 8-bit register for signal <segOut>.
    Found 19-bit register for signal <sclk>.
    Found 4-bit register for signal <anode>.
    Found 19-bit adder for signal <sclk[18]_GND_6_o_add_9_OUT> created at line 66.
    Summary:
	inferred   1 Adder/Subtractor(s).
	inferred  31 D-type flip-flop(s).
	inferred   6 Multiplexer(s).
Unit <DisplayController> synthesized.

=========================================================================
HDL Synthesis Report

Macro Statistics
# Adders/Subtractors                                   : 1
 19-bit adder                                          : 1
# Registers                                            : 3
 19-bit register                                       : 1
 4-bit register                                        : 1
 8-bit register                                        : 1
# Multiplexers                                         : 6
 4-bit 2-to-1 multiplexer                              : 1
 8-bit 2-to-1 multiplexer                              : 5

=========================================================================

=========================================================================
*                       Advanced HDL Synthesis                          *
=========================================================================


Synthesizing (advanced) Unit <DisplayController>.
The following registers are absorbed into counter <sclk>: 1 register on signal <sclk>.
Unit <DisplayController> synthesized (advanced).

=========================================================================
Advanced HDL Synthesis Report

Macro Statistics
# Counters                                             : 1
 19-bit up counter                                     : 1
# Registers                                            : 12
 Flip-Flops                                            : 12
# Multiplexers                                         : 6
 4-bit 2-to-1 multiplexer                              : 1
 8-bit 2-to-1 multiplexer                              : 5

=========================================================================

=========================================================================
*                         Low Level Synthesis                           *
=========================================================================

Optimizing unit <PmodENC> ...

Optimizing unit <DisplayController> ...

Mapping all equations...
Building and optimizing final netlist ...
Found area constraint ratio of 100 (+ 5) on block PmodENC, actual ratio is 0.

Final Macro Processing ...

=========================================================================
Final Register Report

Macro Statistics
# Registers                                            : 31
 Flip-Flops                                            : 31

=========================================================================

=========================================================================
*                           Partition Report                            *
=========================================================================

Partition Implementation Status
-------------------------------

  No Partitions were found in this design.

-------------------------------

=========================================================================
*                            Design Summary                             *
=========================================================================

Top Level Output File Name         : PmodENC.ngc

Primitive and Black Box Usage:
------------------------------
# BELS                             : 119
#      GND                         : 1
#      INV                         : 1
#      LUT1                        : 18
#      LUT2                        : 21
#      LUT3                        : 1
#      LUT4                        : 3
#      LUT5                        : 10
#      LUT6                        : 26
#      MUXCY                       : 18
#      VCC                         : 1
#      XORCY                       : 19
# FlipFlops/Latches                : 31
#      FD                          : 27
#      FDR                         : 1
#      FDS                         : 3
# Clock Buffers                    : 1
#      BUFGP                       : 1
# IO Buffers                       : 20
#      IBUF                        : 8
#      OBUF                        : 12

Device utilization summary:
---------------------------

Selected Device : 6slx16csg324-3 


Slice Logic Utilization: 
 Number of Slice Registers:              31  out of  18224     0%  
 Number of Slice LUTs:                   80  out of   9112     0%  
    Number used as Logic:                80  out of   9112     0%  

Slice Logic Distribution: 
 Number of LUT Flip Flop pairs used:     80
   Number with an unused Flip Flop:      49  out of     80    61%  
   Number with an unused LUT:             0  out of     80     0%  
   Number of fully used LUT-FF pairs:    31  out of     80    38%  
   Number of unique control sets:         2

IO Utilization: 
 Number of IOs:                          21
 Number of bonded IOBs:                  21  out of    232     9%  

Specific Feature Utilization:
 Number of BUFG/BUFGCTRLs:                1  out of     16     6%  

---------------------------
Partition Resource Summary:
---------------------------

  No Partitions were found in this design.

---------------------------


=========================================================================
Timing Report

NOTE: THESE TIMING NUMBERS ARE ONLY A SYNTHESIS ESTIMATE.
      FOR ACCURATE TIMING INFORMATION PLEASE REFER TO THE TRACE REPORT
      GENERATED AFTER PLACE-and-ROUTE.

Clock Information:
------------------
-----------------------------------+------------------------+-------+
Clock Signal                       | Clock buffer(FF name)  | Load  |
-----------------------------------+------------------------+-------+
clk                                | BUFGP                  | 31    |
-----------------------------------+------------------------+-------+

Asynchronous Control Signals Information:
----------------------------------------
No asynchronous control signals found in this design

Timing Summary:
---------------
Speed Grade: -3

   Minimum period: 4.918ns (Maximum Frequency: 203.324MHz)
   Minimum input arrival time before clock: 4.821ns
   Maximum output required time after clock: 3.634ns
   Maximum combinational path delay: No path found

Timing Details:
---------------
All values displayed in nanoseconds (ns)

=========================================================================
Timing constraint: Default period analysis for Clock 'clk'
  Clock period: 4.918ns (frequency: 203.324MHz)
  Total number of paths / destination ports: 1551 / 35
-------------------------------------------------------------------------
Delay:               4.918ns (Levels of Logic = 4)
  Source:            C2/sclk_14 (FF)
  Destination:       C2/sclk_18 (FF)
  Source Clock:      clk rising
  Destination Clock: clk rising

  Data Path: C2/sclk_14 to C2/sclk_18
                                Gate     Net
    Cell:in->out      fanout   Delay   Delay  Logical Name (Net Name)
    ----------------------------------------  ------------
     FD:C->Q               3   0.447   1.015  C2/sclk_14 (C2/sclk_14)
     LUT6:I0->O            2   0.203   0.721  C2/_n009122 (C2/_n009122)
     LUT3:I1->O            6   0.203   0.745  C2/_n009123 (C2/_n00912)
     LUT6:I5->O           19   0.205   1.072  C2/_n0091 (C2/_n0091)
     LUT2:I1->O            1   0.205   0.000  C2/sclk_18_rstpot (C2/sclk_18_rstpot)
     FD:D                      0.102          C2/sclk_18
    ----------------------------------------
    Total                      4.918ns (1.365ns logic, 3.553ns route)
                                       (27.8% logic, 72.2% route)

=========================================================================
Timing constraint: Default OFFSET IN BEFORE for Clock 'clk'
  Total number of paths / destination ports: 56 / 7
-------------------------------------------------------------------------
Offset:              4.821ns (Levels of Logic = 4)
  Source:            sw<7> (PAD)
  Destination:       C2/segOut_6 (FF)
  Destination Clock: clk rising

  Data Path: sw<7> to C2/segOut_6
                                Gate     Net
    Cell:in->out      fanout   Delay   Delay  Logical Name (Net Name)
    ----------------------------------------  ------------
     IBUF:I->O             1   1.222   0.827  sw_7_IBUF (sw_7_IBUF)
     LUT4:I0->O            7   0.203   1.118  C2/_n0081<7>1 (C2/_n0081)
     LUT5:I0->O            1   0.203   0.944  C2/Mmux_segOut[7]_PWR_6_o_mux_17_OUT111 (C2/segOut[7]_PWR_6_o_mux_17_OUT<6>)
     LUT6:I0->O            1   0.203   0.000  C2/segOut_6_rstpot (C2/segOut_6_rstpot)
     FD:D                      0.102          C2/segOut_6
    ----------------------------------------
    Total                      4.821ns (1.933ns logic, 2.888ns route)
                                       (40.1% logic, 59.9% route)

=========================================================================
Timing constraint: Default OFFSET OUT AFTER for Clock 'clk'
  Total number of paths / destination ports: 12 / 12
-------------------------------------------------------------------------
Offset:              3.634ns (Levels of Logic = 1)
  Source:            C2/anode_3 (FF)
  Destination:       an<3> (PAD)
  Source Clock:      clk rising

  Data Path: C2/anode_3 to an<3>
                                Gate     Net
    Cell:in->out      fanout   Delay   Delay  Logical Name (Net Name)
    ----------------------------------------  ------------
     FDS:C->Q              2   0.447   0.616  C2/anode_3 (C2/anode_3)
     OBUF:I->O                 2.571          an_3_OBUF (an<3>)
    ----------------------------------------
    Total                      3.634ns (3.018ns logic, 0.616ns route)
                                       (83.0% logic, 17.0% route)

=========================================================================

Cross Clock Domains Report:
--------------------------

Clock to Setup on destination clock clk
---------------+---------+---------+---------+---------+
               | Src:Rise| Src:Fall| Src:Rise| Src:Fall|
Source Clock   |Dest:Rise|Dest:Rise|Dest:Fall|Dest:Fall|
---------------+---------+---------+---------+---------+
clk            |    4.918|         |         |         |
---------------+---------+---------+---------+---------+

=========================================================================


Total REAL time to Xst completion: 35.00 secs
Total CPU time to Xst completion: 32.14 secs
 
--> 


Total memory usage is 386884 kilobytes

Number of errors   :    0 (   0 filtered)
Number of warnings :    0 (   0 filtered)
Number of infos    :    0 (   0 filtered)

